<?xml version="1.0" encoding="UTF-8"?>
<!-- Generated by org.testng.reporters.JUnitXMLReporter -->
<testsuite hostname="Shafkats-MBP.fios-router.home" failures="0" tests="3" name="Parallel Tests" time="8.848" errors="0" timestamp="29 Jan 2021 01:32:26 GMT">
  <testcase classname="com.hrms.tests.parallalTestingTestNG" name="ChromeTest" time="6.844"/>
  <testcase classname="com.hrms.tests.parallalTestingTestNG" name="fireFoxHeadlressDriver" time="7.969"/>
  <testcase classname="com.hrms.tests.parallalTestingTestNG" name="FirefoxTest" time="8.829"/>
</testsuite> <!-- Parallel Tests -->
