<?xml version="1.0" encoding="UTF-8"?>
<!-- Generated by org.testng.reporters.JUnitXMLReporter -->
<testsuite hostname="Ilham" name="Test" tests="9" failures="0" timestamp="25 Feb 2021 00:21:52 GMT" time="15.859" errors="0">
  <testcase name="test1" time="0.027" classname="com.hrms.tests.openBrowser"/>
  <testcase name="test4" time="0.007" classname="com.hrms.tests.priorityTesting"/>
  <testcase name="test5" time="0.017" classname="com.hrms.tests.priorityTesting"/>
  <testcase name="test6" time="0.041" classname="com.hrms.tests.priorityTesting"/>
  <testcase name="test7" time="0.015" classname="com.hrms.tests.priorityTesting"/>
  <testcase name="testCase1" time="0.011" classname="com.hrms.tests.TestingAnnotations"/>
  <testcase name="testCase2" time="0.055" classname="com.hrms.tests.TestingAnnotations"/>
  <testcase name="test2" time="0.049" classname="com.hrms.tests.priorityTesting"/>
  <testcase name="test1" time="0.028" classname="com.hrms.tests.priorityTesting">
    <skipped/>
  </testcase> <!-- test1 -->
</testsuite> <!-- Test -->
