<?xml version="1.0" encoding="UTF-8"?>
<testng-results skipped="0" failed="1" total="9" passed="8">
  <reporter-output>
  </reporter-output>
  <suite name="Suite" duration-ms="15859" started-at="2021-02-25T00:21:36Z" finished-at="2021-02-25T00:21:52Z">
    <groups>
      <group name="onlyThisOne">
        <method signature="priorityTesting.test1(java.lang.String)[pri:0, instance:com.hrms.tests.priorityTesting@4df50bcc]" name="test1" class="com.hrms.tests.priorityTesting"/>
      </group> <!-- onlyThisOne -->
      <group name="functest">
        <method signature="priorityTesting.test2()[pri:0, instance:com.hrms.tests.priorityTesting@4df50bcc]" name="test2" class="com.hrms.tests.priorityTesting"/>
        <method signature="priorityTesting.test4()[pri:0, instance:com.hrms.tests.priorityTesting@4df50bcc]" name="test4" class="com.hrms.tests.priorityTesting"/>
        <method signature="priorityTesting.test7()[pri:0, instance:com.hrms.tests.priorityTesting@4df50bcc]" name="test7" class="com.hrms.tests.priorityTesting"/>
      </group> <!-- functest -->
      <group name="RegressionTest">
        <method signature="priorityTesting.test6()[pri:0, instance:com.hrms.tests.priorityTesting@4df50bcc]" name="test6" class="com.hrms.tests.priorityTesting"/>
      </group> <!-- RegressionTest -->
      <group name="smokeTest">
        <method signature="priorityTesting.test2()[pri:0, instance:com.hrms.tests.priorityTesting@4df50bcc]" name="test2" class="com.hrms.tests.priorityTesting"/>
        <method signature="priorityTesting.test5()[pri:0, instance:com.hrms.tests.priorityTesting@4df50bcc]" name="test5" class="com.hrms.tests.priorityTesting"/>
        <method signature="priorityTesting.test7()[pri:0, instance:com.hrms.tests.priorityTesting@4df50bcc]" name="test7" class="com.hrms.tests.priorityTesting"/>
      </group> <!-- smokeTest -->
    </groups>
    <test name="Test" duration-ms="15859" started-at="2021-02-25T00:21:36Z" finished-at="2021-02-25T00:21:52Z">
      <class name="com.hrms.tests.openBrowser">
        <test-method status="PASS" signature="beforeClass()[pri:0, instance:com.hrms.tests.openBrowser@124c278f]" name="beforeClass" is-config="true" duration-ms="15297" started-at="2021-02-24T19:21:36Z" finished-at="2021-02-24T19:21:51Z">
          <reporter-output>
          </reporter-output>
        </test-method> <!-- beforeClass -->
        <test-method status="PASS" signature="test1()[pri:0, instance:com.hrms.tests.openBrowser@124c278f]" name="test1" duration-ms="27" started-at="2021-02-24T19:21:51Z" finished-at="2021-02-24T19:21:51Z">
          <reporter-output>
          </reporter-output>
        </test-method> <!-- test1 -->
        <test-method status="PASS" signature="afterClass()[pri:0, instance:com.hrms.tests.openBrowser@124c278f]" name="afterClass" is-config="true" duration-ms="1" started-at="2021-02-24T19:21:51Z" finished-at="2021-02-24T19:21:51Z">
          <reporter-output>
          </reporter-output>
        </test-method> <!-- afterClass -->
      </class> <!-- com.hrms.tests.openBrowser -->
      <class name="com.hrms.tests.priorityTesting">
        <test-method status="PASS" signature="beforeMethod()[pri:0, instance:com.hrms.tests.priorityTesting@4df50bcc]" name="beforeMethod" is-config="true" duration-ms="0" started-at="2021-02-24T19:21:51Z" finished-at="2021-02-24T19:21:51Z">
          <reporter-output>
          </reporter-output>
        </test-method> <!-- beforeMethod -->
        <test-method status="PASS" signature="test4()[pri:0, instance:com.hrms.tests.priorityTesting@4df50bcc]" name="test4" duration-ms="7" started-at="2021-02-24T19:21:51Z" finished-at="2021-02-24T19:21:51Z">
          <reporter-output>
          </reporter-output>
        </test-method> <!-- test4 -->
        <test-method status="PASS" signature="beforeMethod()[pri:0, instance:com.hrms.tests.priorityTesting@4df50bcc]" name="beforeMethod" is-config="true" duration-ms="1" started-at="2021-02-24T19:21:51Z" finished-at="2021-02-24T19:21:51Z">
          <reporter-output>
          </reporter-output>
        </test-method> <!-- beforeMethod -->
        <test-method status="PASS" signature="test5()[pri:0, instance:com.hrms.tests.priorityTesting@4df50bcc]" name="test5" duration-ms="17" started-at="2021-02-24T19:21:51Z" finished-at="2021-02-24T19:21:51Z">
          <reporter-output>
          </reporter-output>
        </test-method> <!-- test5 -->
        <test-method status="PASS" signature="beforeMethod()[pri:0, instance:com.hrms.tests.priorityTesting@4df50bcc]" name="beforeMethod" is-config="true" duration-ms="3" started-at="2021-02-24T19:21:51Z" finished-at="2021-02-24T19:21:51Z">
          <reporter-output>
          </reporter-output>
        </test-method> <!-- beforeMethod -->
        <test-method status="PASS" signature="test6()[pri:0, instance:com.hrms.tests.priorityTesting@4df50bcc]" name="test6" duration-ms="41" started-at="2021-02-24T19:21:51Z" finished-at="2021-02-24T19:21:51Z">
          <reporter-output>
          </reporter-output>
        </test-method> <!-- test6 -->
        <test-method status="PASS" signature="beforeMethod()[pri:0, instance:com.hrms.tests.priorityTesting@4df50bcc]" name="beforeMethod" is-config="true" duration-ms="1" started-at="2021-02-24T19:21:51Z" finished-at="2021-02-24T19:21:51Z">
          <reporter-output>
          </reporter-output>
        </test-method> <!-- beforeMethod -->
        <test-method status="PASS" signature="test7()[pri:0, instance:com.hrms.tests.priorityTesting@4df50bcc]" name="test7" duration-ms="15" started-at="2021-02-24T19:21:51Z" finished-at="2021-02-24T19:21:51Z">
          <reporter-output>
          </reporter-output>
        </test-method> <!-- test7 -->
        <test-method status="PASS" signature="beforeMethod()[pri:0, instance:com.hrms.tests.priorityTesting@4df50bcc]" name="beforeMethod" is-config="true" duration-ms="3" started-at="2021-02-24T19:21:51Z" finished-at="2021-02-24T19:21:51Z">
          <reporter-output>
          </reporter-output>
        </test-method> <!-- beforeMethod -->
        <test-method status="PASS" signature="test2()[pri:0, instance:com.hrms.tests.priorityTesting@4df50bcc]" name="test2" duration-ms="49" started-at="2021-02-24T19:21:51Z" finished-at="2021-02-24T19:21:51Z">
          <reporter-output>
          </reporter-output>
        </test-method> <!-- test2 -->
        <test-method status="FAIL" signature="test1(java.lang.String)[pri:0, instance:com.hrms.tests.priorityTesting@4df50bcc]" name="test1" duration-ms="0" started-at="2021-02-24T19:21:52Z" finished-at="2021-02-24T19:21:52Z">
          <exception class="org.testng.TestNGException">
            <message>
              <![CDATA[
Parameter 'myName' is required by @Test on method test1 but has not been marked @Optional or defined
in C:\Users\User\eclipse-workspace\tmt_Batch5_TestNG\regressionTesting.xml]]>
            </message>
            <full-stacktrace>
              <![CDATA[org.testng.TestNGException: 
Parameter 'myName' is required by @Test on method test1 but has not been marked @Optional or defined
in C:\Users\User\eclipse-workspace\tmt_Batch5_TestNG\regressionTesting.xml
	at org.testng.internal.Parameters.createParameters(Parameters.java:155)
	at org.testng.internal.Parameters.createParameters(Parameters.java:355)
	at org.testng.internal.Parameters.handleParameters(Parameters.java:447)
	at org.testng.internal.Invoker.handleParameters(Invoker.java:1383)
	at org.testng.internal.Invoker.createParameters(Invoker.java:1075)
	at org.testng.internal.Invoker.invokeTestMethods(Invoker.java:1180)
	at org.testng.internal.TestMethodWorker.invokeTestMethods(TestMethodWorker.java:127)
	at org.testng.internal.TestMethodWorker.run(TestMethodWorker.java:111)
	at org.testng.TestRunner.privateRun(TestRunner.java:767)
	at org.testng.TestRunner.run(TestRunner.java:617)
	at org.testng.SuiteRunner.runTest(SuiteRunner.java:334)
	at org.testng.SuiteRunner.runSequentially(SuiteRunner.java:329)
	at org.testng.SuiteRunner.privateRun(SuiteRunner.java:291)
	at org.testng.SuiteRunner.run(SuiteRunner.java:240)
	at org.testng.SuiteRunnerWorker.runSuite(SuiteRunnerWorker.java:52)
	at org.testng.SuiteRunnerWorker.run(SuiteRunnerWorker.java:86)
	at org.testng.TestNG.runSuitesSequentially(TestNG.java:1198)
	at org.testng.TestNG.runSuitesLocally(TestNG.java:1123)
	at org.testng.TestNG.run(TestNG.java:1031)
	at org.testng.remote.AbstractRemoteTestNG.run(AbstractRemoteTestNG.java:115)
	at org.testng.remote.RemoteTestNG.initAndRun(RemoteTestNG.java:251)
	at org.testng.remote.RemoteTestNG.main(RemoteTestNG.java:77)
]]>
            </full-stacktrace>
          </exception> <!-- org.testng.TestNGException -->
          <reporter-output>
          </reporter-output>
        </test-method> <!-- test1 -->
      </class> <!-- com.hrms.tests.priorityTesting -->
      <class name="com.hrms.tests.TestingAnnotations">
        <test-method status="PASS" signature="beforeSuite()[pri:0, instance:com.hrms.tests.TestingAnnotations@45b9a632]" name="beforeSuite" is-config="true" duration-ms="50" started-at="2021-02-24T19:21:36Z" finished-at="2021-02-24T19:21:36Z">
          <reporter-output>
          </reporter-output>
        </test-method> <!-- beforeSuite -->
        <test-method status="PASS" signature="beforeTest()[pri:0, instance:com.hrms.tests.TestingAnnotations@45b9a632]" name="beforeTest" is-config="true" duration-ms="2" started-at="2021-02-24T19:21:36Z" finished-at="2021-02-24T19:21:36Z">
          <reporter-output>
          </reporter-output>
        </test-method> <!-- beforeTest -->
        <test-method status="PASS" signature="beforeClass()[pri:0, instance:com.hrms.tests.TestingAnnotations@45b9a632]" name="beforeClass" is-config="true" duration-ms="3" started-at="2021-02-24T19:21:51Z" finished-at="2021-02-24T19:21:51Z">
          <reporter-output>
          </reporter-output>
        </test-method> <!-- beforeClass -->
        <test-method status="PASS" signature="beforeMethod()[pri:0, instance:com.hrms.tests.TestingAnnotations@45b9a632]" name="beforeMethod" is-config="true" duration-ms="4" started-at="2021-02-24T19:21:51Z" finished-at="2021-02-24T19:21:51Z">
          <reporter-output>
          </reporter-output>
        </test-method> <!-- beforeMethod -->
        <test-method status="PASS" signature="testCase1()[pri:0, instance:com.hrms.tests.TestingAnnotations@45b9a632]" name="testCase1" duration-ms="11" started-at="2021-02-24T19:21:51Z" finished-at="2021-02-24T19:21:51Z">
          <reporter-output>
          </reporter-output>
        </test-method> <!-- testCase1 -->
        <test-method status="PASS" signature="afterMethod()[pri:0, instance:com.hrms.tests.TestingAnnotations@45b9a632]" name="afterMethod" is-config="true" duration-ms="1" started-at="2021-02-24T19:21:51Z" finished-at="2021-02-24T19:21:51Z">
          <reporter-output>
          </reporter-output>
        </test-method> <!-- afterMethod -->
        <test-method status="PASS" signature="testCase2()[pri:0, instance:com.hrms.tests.TestingAnnotations@45b9a632]" name="testCase2" duration-ms="55" started-at="2021-02-24T19:21:51Z" finished-at="2021-02-24T19:21:51Z">
          <reporter-output>
          </reporter-output>
        </test-method> <!-- testCase2 -->
        <test-method status="PASS" signature="beforeMethod()[pri:0, instance:com.hrms.tests.TestingAnnotations@45b9a632]" name="beforeMethod" is-config="true" duration-ms="0" started-at="2021-02-24T19:21:51Z" finished-at="2021-02-24T19:21:51Z">
          <reporter-output>
          </reporter-output>
        </test-method> <!-- beforeMethod -->
        <test-method status="PASS" signature="afterMethod()[pri:0, instance:com.hrms.tests.TestingAnnotations@45b9a632]" name="afterMethod" is-config="true" duration-ms="0" started-at="2021-02-24T19:21:51Z" finished-at="2021-02-24T19:21:51Z">
          <reporter-output>
          </reporter-output>
        </test-method> <!-- afterMethod -->
        <test-method status="PASS" signature="afterClass()[pri:0, instance:com.hrms.tests.TestingAnnotations@45b9a632]" name="afterClass" is-config="true" duration-ms="4" started-at="2021-02-24T19:21:51Z" finished-at="2021-02-24T19:21:51Z">
          <reporter-output>
          </reporter-output>
        </test-method> <!-- afterClass -->
        <test-method status="PASS" signature="afterTest()[pri:0, instance:com.hrms.tests.TestingAnnotations@45b9a632]" name="afterTest" is-config="true" duration-ms="0" started-at="2021-02-24T19:21:52Z" finished-at="2021-02-24T19:21:52Z">
          <reporter-output>
          </reporter-output>
        </test-method> <!-- afterTest -->
        <test-method status="PASS" signature="afterSuite()[pri:0, instance:com.hrms.tests.TestingAnnotations@45b9a632]" name="afterSuite" is-config="true" duration-ms="23" started-at="2021-02-24T19:21:52Z" finished-at="2021-02-24T19:21:52Z">
          <reporter-output>
          </reporter-output>
        </test-method> <!-- afterSuite -->
      </class> <!-- com.hrms.tests.TestingAnnotations -->
    </test> <!-- Test -->
  </suite> <!-- Suite -->
</testng-results>
